<?xml version="1.0" encoding="UTF-8"?>
<!-- Generated by org.testng.reporters.JUnitReportReporter -->
<testsuite hostname="LAPTOP-SGQA9IEA" failures="0" tests="1" name="zerodha_automation.Zerodha_Dashboard_test_buyandsell" time="11.076" errors="0" timestamp="2022-08-23T16:18:21 IST" skipped="0">
  <testcase classname="zerodha_automation.Zerodha_Dashboard_test_buyandsell" name="searchstockname" time="11.076"/>
  <system-out/>
</testsuite> <!-- zerodha_automation.Zerodha_Dashboard_test_buyandsell -->
