<?xml version="1.0" encoding="UTF-8"?>
<!-- Generated by org.testng.reporters.JUnitReportReporter -->
<testsuite hostname="LAPTOP-SGQA9IEA" failures="0" tests="1" name="zerodha_automation.loginpagetest" time="23.041" errors="0" timestamp="2022-08-19T13:57:30 IST" skipped="0">
  <testcase classname="zerodha_automation.loginpagetest" name="validdata" time="23.041"/>
  <system-out/>
</testsuite> <!-- zerodha_automation.loginpagetest -->
