<?xml version="1.0" encoding="UTF-8"?>
<!-- Generated by org.testng.reporters.JUnitReportReporter -->
<testsuite hostname="LAPTOP-SGQA9IEA" failures="0" tests="1" name="zerodha_automation.Zerodha_forgetpage_Test" time="12.615" errors="0" timestamp="2022-08-23T16:21:37 IST" skipped="0">
  <testcase classname="zerodha_automation.Zerodha_forgetpage_Test" name="validdata" time="12.615"/>
  <system-out/>
</testsuite> <!-- zerodha_automation.Zerodha_forgetpage_Test -->
